<?xml version="1.0" encoding="UTF-8"?>
<!-- Generated by org.testng.reporters.JUnitXMLReporter -->
<testsuite ignored="2" hostname="anas-Lenovo-G50-70" failures="0" tests="7" name="Login Test" time="18.626" errors="0" timestamp="2021-06-25T08:53:19 EET">
  <testcase classname="tests.LoginTest" name="userCanLoginWithValidData" time="4.916"/>
  <testcase classname="tests.LoginWithInvalidDataTest" name="emailFieldIsRequired" time="1.877"/>
  <testcase classname="tests.LoginWithInvalidDataTest" name="passwordFieldIsRequired" time="2.063"/>
  <testcase classname="tests.LoginWithInvalidDataTest" name="userCannotLoginWithInValidEmail" time="2.006"/>
  <testcase classname="tests.LoginWithInvalidDataTest" name="userCannotLoginWithInValidPassword" time="3.107"/>
  <testcase classname="tests.LoginWithInvalidDataTest" name="userCannotLoginWithInvaildEmailAndInValidPassword" time="2.556"/>
  <testcase classname="tests.LoginWithInvalidDataTest" name="userCannotLoginWithWrongEmail" time="2.055"/>
  <testcase classname="tests.TestBase" name="@BeforeSuite startDriver" time="0.0">
    <ignored/>
  </testcase> <!-- @BeforeSuite startDriver -->
  <testcase classname="tests.TestBase" name="@AfterSuite stopDriver" time="0.0">
    <ignored/>
  </testcase> <!-- @AfterSuite stopDriver -->
</testsuite> <!-- Login Test -->
