<?xml version="1.0" encoding="UTF-8"?>
<!-- Generated by org.testng.reporters.JUnitXMLReporter -->
<testsuite ignored="2" hostname="anas-Lenovo-G50-70" failures="0" tests="7" name="Registeration Test" time="19.093" errors="0" timestamp="2021-06-25T08:53:01 EET">
  <testcase classname="tests.RegisterationTest" name="userRegisterWithValidInput" time="3.927"/>
  <testcase classname="tests.RegisterationWithInvalidDataTest" name="userRegisterWithExistEmail" time="2.681"/>
  <testcase classname="tests.RegisterationWithInvalidDataTest" name="userRegisterWithInValidEmail" time="2.512"/>
  <testcase classname="tests.RegisterationWithInvalidDataTest" name="userRegisterWithInvalidName" time="2.473"/>
  <testcase classname="tests.RegisterationWithInvalidDataTest" name="userRegisterWithEmptyName" time="2.41"/>
  <testcase classname="tests.RegisterationWithInvalidDataTest" name="userRegisterWithShortPassword" time="2.533"/>
  <testcase classname="tests.RegisterationWithInvalidDataTest" name="userRegisterWithEmptyPassword" time="2.376"/>
  <testcase classname="tests.TestBase" name="@BeforeSuite startDriver" time="0.0">
    <ignored/>
  </testcase> <!-- @BeforeSuite startDriver -->
  <testcase classname="tests.TestBase" name="@AfterSuite stopDriver" time="0.0">
    <ignored/>
  </testcase> <!-- @AfterSuite stopDriver -->
</testsuite> <!-- Registeration Test -->
