<?xml version="1.0" encoding="UTF-8"?>
<!-- Generated by org.testng.reporters.JUnitXMLReporter -->
<testsuite ignored="0" hostname="anas-Lenovo-G50-70" failures="0" tests="6" name="Teacher Login Test" time="16.051" errors="0" timestamp="2021-06-25T08:54:04 EET">
  <testcase classname="tests.TeacherLoginWithInvalidData" name="emailFieldIsRequired" time="2.416"/>
  <testcase classname="tests.TeacherLoginWithInvalidData" name="passwordFieldIsRequired" time="2.508"/>
  <testcase classname="tests.TeacherLoginWithInvalidData" name="teacherCannotLoginWithInValidEmail" time="2.58"/>
  <testcase classname="tests.TeacherLoginWithInvalidData" name="teacherCannotLoginWithInValidPassword" time="3.025"/>
  <testcase classname="tests.TeacherLoginWithInvalidData" name="teacherCannotLoginWithInvaildEmailAndInValidPassword" time="3.028"/>
  <testcase classname="tests.TeacherLoginWithInvalidData" name="teacherCannotLoginWithWrongEmail" time="2.466"/>
</testsuite> <!-- Teacher Login Test -->
