<?xml version="1.0" encoding="UTF-8"?>
<!-- Generated by org.testng.reporters.JUnitXMLReporter -->
<testsuite ignored="2" hostname="anas-Lenovo-G50-70" failures="0" tests="8" name="Teacher Register Test" time="28.904" errors="0" timestamp="2021-06-25T08:53:48 EET">
  <testcase classname="tests.TeacherRegisterationTest" name="teacherRegisterWithValidInput" time="5.222"/>
  <testcase classname="tests.TeacherRegisterationTest" name="teacherLoginWithValidInput" time="3.211"/>
  <testcase classname="tests.TeacherRegisterWithInvalidData" name="teacherRegisterWithExistEmail" time="3.361"/>
  <testcase classname="tests.TeacherRegisterWithInvalidData" name="teacherRegisterWithInValidEmail" time="3.343"/>
  <testcase classname="tests.TeacherRegisterWithInvalidData" name="teacherRegisterWithInvalidName" time="3.706"/>
  <testcase classname="tests.TeacherRegisterWithInvalidData" name="teacherRegisterWithEmptyName" time="3.147"/>
  <testcase classname="tests.TeacherRegisterWithInvalidData" name="teacherRegisterWithShortPassword" time="3.718"/>
  <testcase classname="tests.TeacherRegisterWithInvalidData" name="teacherRegisterWithEmptyPassword" time="3.149"/>
  <testcase classname="tests.TestBase" name="@BeforeSuite startDriver" time="0.0">
    <ignored/>
  </testcase> <!-- @BeforeSuite startDriver -->
  <testcase classname="tests.TestBase" name="@AfterSuite stopDriver" time="0.0">
    <ignored/>
  </testcase> <!-- @AfterSuite stopDriver -->
</testsuite> <!-- Teacher Register Test -->
