-------------------------------------------------------------------------------
Test set: TestSuite
-------------------------------------------------------------------------------
Tests run: 3, Failures: 1, Errors: 0, Skipped: 0, Time elapsed: 55.733 s <<< FAILURE! - in TestSuite
tests.PaymentWithRequestAlLoanTest.parentCanPayUsingRequestLoan  Time elapsed: 2.963 s  <<< FAILURE!
java.lang.AssertionError: Element Action [IdentifyUniqueElement] failed. With the following test data [multiple elements found matching this locator "By.xpath: //a[contains(.,'اطلب الآن') or contains(.,'Request')]".].
	at tests.PaymentWithRequestAlLoanTest.parentCanPayUsingRequestLoan(PaymentWithRequestAlLoanTest.java:20)

