<?xml version="1.0" encoding="UTF-8"?>
<testsuite xmlns:xsi="http://www.w3.org/2001/XMLSchema-instance" xsi:noNamespaceSchemaLocation="https://maven.apache.org/surefire/maven-surefire-plugin/xsd/surefire-test-report-3.0.xsd" version="3.0" name="TestSuite" time="56.237" tests="2" errors="0" skipped="0" failures="0">
  <properties>
[...]
</properties>
  <testcase name="userCanLoginWithValidData" classname="tests.LoginTest" time="17.186">
    <system-out><![CDATA[
################################################################################################################################################
Detected SHAFT Engine Version: [SHAFT Engine v5.3.20210519]
################################################################################################################################################

################################################################################################################################################
Starting Execution of a Configuration (Setup or Teardown) Method
Test Method:		[tests.LoginTest.startDriver]
################################################################################################################################################

################################################################################################################################################
Starting Execution:	[1 out of 2] test cases in the current suite
Test Method:		[tests.LoginTest.userCanLoginWithValidData]
################################################################################################################################################
[ReportManager] Element Action [IsElementDisplayed] successfully performed. @05-09-2021 11:32:14.0391 AM
[ReportManager] Element Action [Click] successfully performed. @05-09-2021 11:32:15.0765 AM
[ReportManager] Element Action [Click] successfully performed. With the following test data [سجل الدخول]. @05-09-2021 11:32:18.0277 AM
[ReportManager] Successfully created attachment [Animated Gif - userCanLoginWithValidData] @05-09-2021 11:32:23.0950 AM
[ReportManager] Successfully created attachment [SHAFT Engine Logs - Current Method log: userCanLoginWithValidData] @05-09-2021 11:32:23.0953 AM
]]></system-out>
    <system-err><![CDATA[[main] INFO com.shaft.tools.io.ReportManagerHelper - [ReportManager] File Action [DoesFileExist] successfully performed. With the following test data [File Path: "src/test/resources/Properties/internal.properties"]. @05-09-2021 11:31:54.0691 AM
[main] INFO com.shaft.tools.io.ReportManagerHelper - [ReportManager] Reading properties directory: src/test/resources/Properties @05-09-2021 11:31:54.0700 AM
[main] INFO com.shaft.tools.io.ReportManagerHelper - [ReportManager] File Action [DoesFileExist] successfully performed. With the following test data [File Path: "src/test/resources/Properties"]. @05-09-2021 11:31:54.0701 AM
[main] INFO com.shaft.tools.io.ReportManagerHelper - [ReportManager] Loading properties file: src\test\resources\Properties\cucumber.properties @05-09-2021 11:31:54.0744 AM
[main] INFO com.shaft.tools.io.ReportManagerHelper - [ReportManager] Loading properties file: src\test\resources\Properties\ExecutionPlatform.properties @05-09-2021 11:31:54.0745 AM
[main] INFO com.shaft.tools.io.ReportManagerHelper - [ReportManager] Loading properties file: src\test\resources\Properties\MobileCapabilities.properties @05-09-2021 11:31:54.0747 AM
[main] INFO com.shaft.tools.io.ReportManagerHelper - [ReportManager] Loading properties file: src\test\resources\Properties\path.properties @05-09-2021 11:31:54.0749 AM
[main] INFO com.shaft.tools.io.ReportManagerHelper - [ReportManager] Loading properties file: src\test\resources\Properties\pattern.properties @05-09-2021 11:31:54.0750 AM
[main] INFO com.shaft.tools.io.ReportManagerHelper - [ReportManager] Loading properties file: src\test\resources\Properties\PlatformFlags.properties @05-09-2021 11:31:54.0752 AM
[main] INFO com.shaft.tools.io.ReportManagerHelper - [ReportManager] Loading properties file: src\test\resources\Properties\Reporting.properties @05-09-2021 11:31:54.0753 AM
[main] INFO com.shaft.tools.io.ReportManagerHelper - [ReportManager] Loading properties file: src\test\resources\Properties\testNG.properties @05-09-2021 11:31:54.0754 AM
[main] INFO com.shaft.tools.io.ReportManagerHelper - [ReportManager] Loading properties file: src\test\resources\Properties\Timeouts.properties @05-09-2021 11:31:54.0755 AM
[main] INFO com.shaft.tools.io.ReportManagerHelper - [ReportManager] Loading properties file: src\test\resources\Properties\video.properties @05-09-2021 11:31:54.0756 AM
[main] INFO com.shaft.tools.io.ReportManagerHelper - [ReportManager] Loading properties file: src\test\resources\Properties\VisualValidations.properties @05-09-2021 11:31:54.0757 AM
[main] INFO com.shaft.tools.io.ReportManagerHelper - [ReportManager] Reading properties directory: file:/C:/Users/anash/.m2/repository/io/github/mohabmohie/SHAFT_ENGINE/5.3.20210621/SHAFT_ENGINE-5.3.20210621.jar!/resources/defaultProperties/ @05-09-2021 11:31:54.0759 AM
[main] INFO com.shaft.tools.io.ReportManagerHelper - [ReportManager] File Action [UnpackArchive] successfully performed. With the following test data [Target File"C:\Users\anash\Downloads\Selenium Setup\YaSchools-master\YaSchools-master\target\arc4601892247872288061.zip" | Destination Folder: "target"]. @05-09-2021 11:31:54.0895 AM
[main] INFO com.shaft.tools.io.ReportManagerHelper - [ReportManager] File Action [DeleteFile] successfully performed. With the following test data [Target File Path: "C:\Users\anash\Downloads\Selenium Setup\YaSchools-master\YaSchools-master\target\arc4601892247872288061.zip"]. @05-09-2021 11:31:54.0897 AM
[main] INFO com.shaft.tools.io.ReportManagerHelper - [ReportManager] File Action [UnpackArchive] successfully performed. With the following test data [Target URL"file:/C:/Users/anash/.m2/repository/io/github/mohabmohie/SHAFT_ENGINE/5.3.20210621/SHAFT_ENGINE-5.3.20210621.jar" | Destination Folder: "target/"]. @05-09-2021 11:31:54.0898 AM
[main] INFO com.shaft.tools.io.ReportManagerHelper - [ReportManager] File Action [DoesFileExist] successfully performed. With the following test data [File Path: "target/resources/defaultProperties/"]. @05-09-2021 11:31:54.0899 AM
[main] INFO com.shaft.tools.io.ReportManagerHelper - [ReportManager] Loading properties file: target\resources\defaultProperties\cucumber.properties @05-09-2021 11:31:54.0902 AM
[main] INFO com.shaft.tools.io.ReportManagerHelper - [ReportManager] Loading properties file: target\resources\defaultProperties\ExecutionPlatform.properties @05-09-2021 11:31:54.0903 AM
[main] INFO com.shaft.tools.io.ReportManagerHelper - [ReportManager] Loading properties file: target\resources\defaultProperties\internal.properties @05-09-2021 11:31:54.0904 AM
[main] INFO com.shaft.tools.io.ReportManagerHelper - [ReportManager] Loading properties file: target\resources\defaultProperties\MobileCapabilities.properties @05-09-2021 11:31:54.0905 AM
[main] INFO com.shaft.tools.io.ReportManagerHelper - [ReportManager] Loading properties file: target\resources\defaultProperties\path.properties @05-09-2021 11:31:54.0907 AM
[main] INFO com.shaft.tools.io.ReportManagerHelper - [ReportManager] Loading properties file: target\resources\defaultProperties\pattern.properties @05-09-2021 11:31:54.0908 AM
[main] INFO com.shaft.tools.io.ReportManagerHelper - [ReportManager] Loading properties file: target\resources\defaultProperties\PlatformFlags.properties @05-09-2021 11:31:54.0909 AM
[main] INFO com.shaft.tools.io.ReportManagerHelper - [ReportManager] Loading properties file: target\resources\defaultProperties\Reporting.properties @05-09-2021 11:31:54.0910 AM
[main] INFO com.shaft.tools.io.ReportManagerHelper - [ReportManager] Loading properties file: target\resources\defaultProperties\testNG.properties @05-09-2021 11:31:54.0912 AM
[main] INFO com.shaft.tools.io.ReportManagerHelper - [ReportManager] Loading properties file: target\resources\defaultProperties\Timeouts.properties @05-09-2021 11:31:54.0913 AM
[main] INFO com.shaft.tools.io.ReportManagerHelper - [ReportManager] Loading properties file: target\resources\defaultProperties\video.properties @05-09-2021 11:31:54.0914 AM
[main] INFO com.shaft.tools.io.ReportManagerHelper - [ReportManager] Loading properties file: target\resources\defaultProperties\VisualValidations.properties @05-09-2021 11:31:54.0916 AM
[main] INFO com.shaft.tools.io.ReportManagerHelper - [ReportManager] File Action [DoesFileExist] successfully performed. With the following test data [File Path: "src/test/resources/Properties/ExecutionPlatform.properties"]. @05-09-2021 11:31:55.0355 AM
[main] INFO com.shaft.tools.io.ReportManagerHelper - [ReportManager] File Action [DeleteFolder] successfully performed. With the following test data [Target Folder: "extent-reports"]. @05-09-2021 11:31:55.0384 AM
[main] INFO com.shaft.tools.io.ReportManagerHelper - [ReportManager] Preparing Allure Reporting Environment... @05-09-2021 11:31:56.0952 AM
[main] INFO com.shaft.tools.io.ReportManagerHelper - [ReportManager] File Action [DeleteFolder] successfully performed. With the following test data [Target Folder: "allure-results"]. @05-09-2021 11:31:56.0968 AM
[main] INFO com.shaft.tools.io.ReportManagerHelper - [ReportManager] File Action [DoesFileExist] successfully performed. With the following test data [File Path: "C:\Users\anash\.m2\repository\allure\allure-2.14.0\bin\allure"]. @05-09-2021 11:31:56.0974 AM
[main] INFO com.shaft.tools.io.ReportManagerHelper - [ReportManager] File Action [GetAbsolutePath] successfully performed. With the following test data [Relative File Path: "generate_allure_report.bat"]. @05-09-2021 11:31:56.0976 AM
[main] INFO com.shaft.tools.io.ReportManagerHelper - [ReportManager] File Action [WriteToFile] successfully performed. With the following test data [Target File Path: "C:\Users\anash\Downloads\Selenium Setup\YaSchools-master\YaSchools-master\generate_allure_report.bat"]. @05-09-2021 11:31:56.0984 AM
[main] INFO com.shaft.tools.io.ReportManagerHelper - [ReportManager] File Action [GetAbsolutePath] successfully performed. With the following test data [Relative File Path: "allure-results/environment.xml"]. @05-09-2021 11:31:57.0179 AM
[main] INFO com.shaft.tools.io.ReportManagerHelper - [ReportManager] File Action [WriteToFile] successfully performed. With the following test data [Target File Path: "C:\Users\anash\Downloads\Selenium Setup\YaSchools-master\YaSchools-master\allure-results\environment.xml"]. @05-09-2021 11:31:57.0192 AM
Starting ChromeDriver 92.0.4515.43 (8c61b7e2989f2990d42f859cac71319137787cce-refs/branch-heads/4515@{#306}) on port 24141
Only local connections are allowed.
Please see https://chromedriver.chromium.org/security-considerations for suggestions on keeping ChromeDriver safe.
ChromeDriver was started successfully.
Sep 05, 2021 11:31:59 AM org.openqa.selenium.remote.ProtocolHandshake createSession
INFO: Detected dialect: W3C
[main] INFO com.shaft.tools.io.ReportManagerHelper - [ReportManager] File Action [CreateFile] successfully performed. With the following test data [Target Folder: "allure-results//screenshots/20210905-113155", Target File: "\1630834333209_userCanLoginWithValidData.gif"]. @05-09-2021 11:32:13.0731 AM
]]></system-err>
  </testcase>
  <testcase name="parentCanMakePotentailBookingRequest" classname="tests.PotentialBookingTest" time="22.435">
    <system-out><![CDATA[
################################################################################################################################################
Starting Execution of a Configuration (Setup or Teardown) Method
Test Method:		[tests.LoginTest.takeScreenshotOnFailure]
################################################################################################################################################

################################################################################################################################################
Starting Execution:	[2 out of 2] test cases in the current suite
Test Method:		[tests.PotentialBookingTest.parentCanMakePotentailBookingRequest]
################################################################################################################################################
[ReportManager] Element Action [Click] successfully performed. With the following test data [عرض صفحة المدرسة]. @05-09-2021 11:32:29.0540 AM
[ReportManager] Element Action [Click] successfully performed. With the following test data [احجز الان جديد]. @05-09-2021 11:32:34.0117 AM
[ReportManager] Element Action [IsElementDisplayed] successfully performed. @05-09-2021 11:32:35.0102 AM
[ReportManager] Element Action [IsElementClickable] successfully performed. @05-09-2021 11:32:35.0502 AM
[ReportManager] Element Action [Click] successfully performed. With the following test data [اسم الطالب]. @05-09-2021 11:32:36.0642 AM
[ReportManager] Element Action [IsElementDisplayed] successfully performed. @05-09-2021 11:32:37.0000 AM
[ReportManager] Element Action [IsElementClickable] successfully performed. @05-09-2021 11:32:37.0382 AM
[ReportManager] Element Action [Click] successfully performed. With the following test data [anooos]. @05-09-2021 11:32:38.0956 AM
[ReportManager] Element Action [Click] successfully performed. With the following test data [1]. @05-09-2021 11:32:41.0089 AM
[ReportManager] Element Action [Click] successfully performed. With the following test data [متابعة]. @05-09-2021 11:32:42.0084 AM
[ReportManager] Element Action [GetText] successfully performed. With the following test data [تم إرسال طلب الحجز بنجاح]. @05-09-2021 11:32:46.0780 AM
[ReportManager] Successfully created attachment [Animated Gif - parentCanMakePotentailBookingRequest] @05-09-2021 11:32:46.0787 AM
[ReportManager] Successfully created attachment [SHAFT Engine Logs - Current Method log: parentCanMakePotentailBookingRequest] @05-09-2021 11:32:46.0790 AM
]]></system-out>
    <system-err><![CDATA[[main] INFO com.shaft.tools.io.ReportManagerHelper - [ReportManager] File Action [CreateFile] successfully performed. With the following test data [Target Folder: "allure-results//screenshots/20210905-113155", Target File: "\1630834345701_parentCanMakePotentailBookingRequest.gif"]. @05-09-2021 11:32:25.0746 AM
]]></system-err>
  </testcase>
</testsuite>