<?xml version="1.0" encoding="UTF-8"?>
<testsuite xmlns:xsi="http://www.w3.org/2001/XMLSchema-instance" xsi:noNamespaceSchemaLocation="https://maven.apache.org/surefire/maven-surefire-plugin/xsd/surefire-test-report-3.0.xsd" version="3.0" name="TestSuite" time="34.837" tests="2" errors="0" skipped="0" failures="2">
  <properties>
[...]
</properties>
  <testcase name="parentCanMakePotentailBookingRequestWithoutLogin" classname="tests.PotentialBookingWithoutLoginTest" time="23.862">
    <failure message="no such window: target window already closed&#10;from unknown error: web view not found&#10;  (Session info: chrome=92.0.4515.159)&#10;Build info: version: &apos;3.141.59&apos;, revision: &apos;e82be7d358&apos;, time: &apos;2018-11-14T08:17:03&apos;&#10;System info: host: &apos;DESKTOP-Q6V2744&apos;, ip: &apos;192.168.1.4&apos;, os.name: &apos;Windows 10&apos;, os.arch: &apos;amd64&apos;, os.version: &apos;10.0&apos;, java.version: &apos;16.0.2&apos;&#10;Driver info: org.openqa.selenium.chrome.ChromeDriver&#10;Capabilities {acceptInsecureCerts: false, browserName: chrome, browserVersion: 92.0.4515.159, chrome: {chromedriverVersion: 92.0.4515.43 (8c61b7e2989f2..., userDataDir: C:\Users\anash\AppData\Loca...}, goog:chromeOptions: {debuggerAddress: localhost:54800}, javascriptEnabled: true, networkConnectionEnabled: false, pageLoadStrategy: normal, platform: WINDOWS, platformName: WINDOWS, proxy: Proxy(), setWindowRect: true, strictFileInteractability: false, timeouts: {implicit: 0, pageLoad: 300000, script: 30000}, unhandledPromptBehavior: dismiss and notify, webauthn:extension:credBlob: true, webauthn:extension:largeBlob: true, webauthn:virtualAuthenticators: true}&#10;Session ID: 420db69d00faeb698b4ca050c9991f82&#10;*** Element info: {Using=id, value=childsuperior-full_name}" type="org.openqa.selenium.NoSuchWindowException"><![CDATA[org.openqa.selenium.NoSuchWindowException: 
no such window: target window already closed
from unknown error: web view not found
  (Session info: chrome=92.0.4515.159)
Build info: version: '3.141.59', revision: 'e82be7d358', time: '2018-11-14T08:17:03'
System info: host: 'DESKTOP-Q6V2744', ip: '192.168.1.4', os.name: 'Windows 10', os.arch: 'amd64', os.version: '10.0', java.version: '16.0.2'
Driver info: org.openqa.selenium.chrome.ChromeDriver
Capabilities {acceptInsecureCerts: false, browserName: chrome, browserVersion: 92.0.4515.159, chrome: {chromedriverVersion: 92.0.4515.43 (8c61b7e2989f2..., userDataDir: C:\Users\anash\AppData\Loca...}, goog:chromeOptions: {debuggerAddress: localhost:54800}, javascriptEnabled: true, networkConnectionEnabled: false, pageLoadStrategy: normal, platform: WINDOWS, platformName: WINDOWS, proxy: Proxy(), setWindowRect: true, strictFileInteractability: false, timeouts: {implicit: 0, pageLoad: 300000, script: 30000}, unhandledPromptBehavior: dismiss and notify, webauthn:extension:credBlob: true, webauthn:extension:largeBlob: true, webauthn:virtualAuthenticators: true}
Session ID: 420db69d00faeb698b4ca050c9991f82
*** Element info: {Using=id, value=childsuperior-full_name}
	at tests.PotentialBookingWithoutLoginTest.parentCanMakePotentailBookingRequestWithoutLogin(PotentialBookingWithoutLoginTest.java:37)
]]></failure>
    <system-out><![CDATA[
################################################################################################################################################
Detected SHAFT Engine Version: [SHAFT Engine v5.3.20210519]
################################################################################################################################################

################################################################################################################################################
Starting Execution of a Configuration (Setup or Teardown) Method
Test Method:		[tests.PotentialBookingWithoutLoginTest.startDriver]
################################################################################################################################################

################################################################################################################################################
Starting Execution:	[1 out of 1] test cases in the current suite
Test Method:		[tests.PotentialBookingWithoutLoginTest.parentCanMakePotentailBookingRequestWithoutLogin]
################################################################################################################################################
[ReportManager] Element Action [IsElementDisplayed] successfully performed. @30-08-2021 20:20:37.0333 PM
[ReportManager] Element Action [Click] successfully performed. @30-08-2021 20:20:38.0702 PM
[ReportManager] Element Action [Type] successfully performed. With the following test data [ajyal]. @30-08-2021 20:20:39.0336 PM
[ReportManager] Element Action [Click] successfully performed. With the following test data [ابحث الآن]. @30-08-2021 20:20:42.0151 PM
[ReportManager] Element Action [Click] successfully performed. With the following test data [Ajyal Mostakbal School]. @30-08-2021 20:20:47.0253 PM
[ReportManager] Element Action [Click] successfully performed. With the following test data [احجز الان جديد]. @30-08-2021 20:20:50.0195 PM
[ReportManager] Successfully created attachment [Animated Gif - parentCanMakePotentailBookingRequestWithoutLogin] @30-08-2021 20:20:53.0775 PM
[ReportManager] Successfully created attachment [SHAFT Engine Logs - Current Method log: parentCanMakePotentailBookingRequestWithoutLogin] @30-08-2021 20:20:53.0779 PM
]]></system-out>
    <system-err><![CDATA[[main] INFO com.shaft.tools.io.ReportManagerHelper - [ReportManager] File Action [DoesFileExist] successfully performed. With the following test data [File Path: "src/test/resources/Properties/internal.properties"]. @30-08-2021 20:20:22.0456 PM
[main] INFO com.shaft.tools.io.ReportManagerHelper - [ReportManager] Reading properties directory: src/test/resources/Properties @30-08-2021 20:20:22.0463 PM
[main] INFO com.shaft.tools.io.ReportManagerHelper - [ReportManager] File Action [DoesFileExist] successfully performed. With the following test data [File Path: "src/test/resources/Properties"]. @30-08-2021 20:20:22.0464 PM
[main] INFO com.shaft.tools.io.ReportManagerHelper - [ReportManager] Loading properties file: src\test\resources\Properties\cucumber.properties @30-08-2021 20:20:22.0501 PM
[main] INFO com.shaft.tools.io.ReportManagerHelper - [ReportManager] Loading properties file: src\test\resources\Properties\ExecutionPlatform.properties @30-08-2021 20:20:22.0501 PM
[main] INFO com.shaft.tools.io.ReportManagerHelper - [ReportManager] Loading properties file: src\test\resources\Properties\MobileCapabilities.properties @30-08-2021 20:20:22.0502 PM
[main] INFO com.shaft.tools.io.ReportManagerHelper - [ReportManager] Loading properties file: src\test\resources\Properties\path.properties @30-08-2021 20:20:22.0503 PM
[main] INFO com.shaft.tools.io.ReportManagerHelper - [ReportManager] Loading properties file: src\test\resources\Properties\pattern.properties @30-08-2021 20:20:22.0503 PM
[main] INFO com.shaft.tools.io.ReportManagerHelper - [ReportManager] Loading properties file: src\test\resources\Properties\PlatformFlags.properties @30-08-2021 20:20:22.0504 PM
[main] INFO com.shaft.tools.io.ReportManagerHelper - [ReportManager] Loading properties file: src\test\resources\Properties\Reporting.properties @30-08-2021 20:20:22.0505 PM
[main] INFO com.shaft.tools.io.ReportManagerHelper - [ReportManager] Loading properties file: src\test\resources\Properties\testNG.properties @30-08-2021 20:20:22.0505 PM
[main] INFO com.shaft.tools.io.ReportManagerHelper - [ReportManager] Loading properties file: src\test\resources\Properties\Timeouts.properties @30-08-2021 20:20:22.0506 PM
[main] INFO com.shaft.tools.io.ReportManagerHelper - [ReportManager] Loading properties file: src\test\resources\Properties\video.properties @30-08-2021 20:20:22.0507 PM
[main] INFO com.shaft.tools.io.ReportManagerHelper - [ReportManager] Loading properties file: src\test\resources\Properties\VisualValidations.properties @30-08-2021 20:20:22.0507 PM
[main] INFO com.shaft.tools.io.ReportManagerHelper - [ReportManager] Reading properties directory: file:/C:/Users/anash/.m2/repository/io/github/mohabmohie/SHAFT_ENGINE/5.3.20210621/SHAFT_ENGINE-5.3.20210621.jar!/resources/defaultProperties/ @30-08-2021 20:20:22.0509 PM
[main] INFO com.shaft.tools.io.ReportManagerHelper - [ReportManager] File Action [UnpackArchive] successfully performed. With the following test data [Target File"C:\Users\anash\Downloads\Selenium Setup\YaSchools-master\YaSchools-master\target\arc14280675922494764631.zip" | Destination Folder: "target"]. @30-08-2021 20:20:22.0626 PM
[main] INFO com.shaft.tools.io.ReportManagerHelper - [ReportManager] File Action [DeleteFile] successfully performed. With the following test data [Target File Path: "C:\Users\anash\Downloads\Selenium Setup\YaSchools-master\YaSchools-master\target\arc14280675922494764631.zip"]. @30-08-2021 20:20:22.0628 PM
[main] INFO com.shaft.tools.io.ReportManagerHelper - [ReportManager] File Action [UnpackArchive] successfully performed. With the following test data [Target URL"file:/C:/Users/anash/.m2/repository/io/github/mohabmohie/SHAFT_ENGINE/5.3.20210621/SHAFT_ENGINE-5.3.20210621.jar" | Destination Folder: "target/"]. @30-08-2021 20:20:22.0628 PM
[main] INFO com.shaft.tools.io.ReportManagerHelper - [ReportManager] File Action [DoesFileExist] successfully performed. With the following test data [File Path: "target/resources/defaultProperties/"]. @30-08-2021 20:20:22.0629 PM
[main] INFO com.shaft.tools.io.ReportManagerHelper - [ReportManager] Loading properties file: target\resources\defaultProperties\cucumber.properties @30-08-2021 20:20:22.0631 PM
[main] INFO com.shaft.tools.io.ReportManagerHelper - [ReportManager] Loading properties file: target\resources\defaultProperties\ExecutionPlatform.properties @30-08-2021 20:20:22.0632 PM
[main] INFO com.shaft.tools.io.ReportManagerHelper - [ReportManager] Loading properties file: target\resources\defaultProperties\internal.properties @30-08-2021 20:20:22.0633 PM
[main] INFO com.shaft.tools.io.ReportManagerHelper - [ReportManager] Loading properties file: target\resources\defaultProperties\MobileCapabilities.properties @30-08-2021 20:20:22.0633 PM
[main] INFO com.shaft.tools.io.ReportManagerHelper - [ReportManager] Loading properties file: target\resources\defaultProperties\path.properties @30-08-2021 20:20:22.0634 PM
[main] INFO com.shaft.tools.io.ReportManagerHelper - [ReportManager] Loading properties file: target\resources\defaultProperties\pattern.properties @30-08-2021 20:20:22.0635 PM
[main] INFO com.shaft.tools.io.ReportManagerHelper - [ReportManager] Loading properties file: target\resources\defaultProperties\PlatformFlags.properties @30-08-2021 20:20:22.0636 PM
[main] INFO com.shaft.tools.io.ReportManagerHelper - [ReportManager] Loading properties file: target\resources\defaultProperties\Reporting.properties @30-08-2021 20:20:22.0636 PM
[main] INFO com.shaft.tools.io.ReportManagerHelper - [ReportManager] Loading properties file: target\resources\defaultProperties\testNG.properties @30-08-2021 20:20:22.0638 PM
[main] INFO com.shaft.tools.io.ReportManagerHelper - [ReportManager] Loading properties file: target\resources\defaultProperties\Timeouts.properties @30-08-2021 20:20:22.0639 PM
[main] INFO com.shaft.tools.io.ReportManagerHelper - [ReportManager] Loading properties file: target\resources\defaultProperties\video.properties @30-08-2021 20:20:22.0640 PM
[main] INFO com.shaft.tools.io.ReportManagerHelper - [ReportManager] Loading properties file: target\resources\defaultProperties\VisualValidations.properties @30-08-2021 20:20:22.0641 PM
[main] INFO com.shaft.tools.io.ReportManagerHelper - [ReportManager] File Action [DoesFileExist] successfully performed. With the following test data [File Path: "src/test/resources/Properties/ExecutionPlatform.properties"]. @30-08-2021 20:20:22.0991 PM
[main] INFO com.shaft.tools.io.ReportManagerHelper - [ReportManager] File Action [DeleteFolder] successfully performed. With the following test data [Target Folder: "extent-reports"]. @30-08-2021 20:20:23.0016 PM
[main] INFO com.shaft.tools.io.ReportManagerHelper - [ReportManager] Preparing Allure Reporting Environment... @30-08-2021 20:20:24.0503 PM
[main] INFO com.shaft.tools.io.ReportManagerHelper - [ReportManager] File Action [DeleteFolder] successfully performed. With the following test data [Target Folder: "allure-results"]. @30-08-2021 20:20:24.0513 PM
[main] INFO com.shaft.tools.io.ReportManagerHelper - [ReportManager] File Action [DoesFileExist] successfully performed. With the following test data [File Path: "C:\Users\anash\.m2\repository\allure\allure-2.14.0\bin\allure"]. @30-08-2021 20:20:24.0519 PM
[main] INFO com.shaft.tools.io.ReportManagerHelper - [ReportManager] File Action [GetAbsolutePath] successfully performed. With the following test data [Relative File Path: "generate_allure_report.bat"]. @30-08-2021 20:20:24.0520 PM
[main] INFO com.shaft.tools.io.ReportManagerHelper - [ReportManager] File Action [WriteToFile] successfully performed. With the following test data [Target File Path: "C:\Users\anash\Downloads\Selenium Setup\YaSchools-master\YaSchools-master\generate_allure_report.bat"]. @30-08-2021 20:20:24.0528 PM
[main] INFO com.shaft.tools.io.ReportManagerHelper - [ReportManager] File Action [GetAbsolutePath] successfully performed. With the following test data [Relative File Path: "allure-results/environment.xml"]. @30-08-2021 20:20:24.0740 PM
[main] INFO com.shaft.tools.io.ReportManagerHelper - [ReportManager] File Action [WriteToFile] successfully performed. With the following test data [Target File Path: "C:\Users\anash\Downloads\Selenium Setup\YaSchools-master\YaSchools-master\allure-results\environment.xml"]. @30-08-2021 20:20:24.0753 PM
Starting ChromeDriver 92.0.4515.43 (8c61b7e2989f2990d42f859cac71319137787cce-refs/branch-heads/4515@{#306}) on port 16387
Only local connections are allowed.
Please see https://chromedriver.chromium.org/security-considerations for suggestions on keeping ChromeDriver safe.
ChromeDriver was started successfully.
Aug 30, 2021 8:20:27 PM org.openqa.selenium.remote.ProtocolHandshake createSession
INFO: Detected dialect: W3C
[main] INFO com.shaft.tools.io.ReportManagerHelper - [ReportManager] File Action [CreateFile] successfully performed. With the following test data [Target Folder: "allure-results//screenshots/20210830-202022", Target File: "\1630347636284_parentCanMakePotentailBookingRequestWithoutLogin.gif"]. @30-08-2021 20:20:36.0668 PM
[main] INFO com.shaft.tools.io.ReportManagerHelper - [ReportManager] org.openqa.selenium.interactions.MoveTargetOutOfBoundsException:
move target out of bounds
  (Session info: chrome=92.0.4515.159)
Build info: version: '3.141.59', revision: 'e82be7d358', time: '2018-11-14T08:17:03'
System info: host: 'DESKTOP-Q6V2744', ip: '192.168.1.4', os.name: 'Windows 10', os.arch: 'amd64', os.version: '10.0', java.version: '16.0.2'
Driver info: org.openqa.selenium.chrome.ChromeDriver
Capabilities {acceptInsecureCerts: false, browserName: chrome, browserVersion: 92.0.4515.159, chrome: {chromedriverVersion: 92.0.4515.43 (8c61b7e2989f2..., userDataDir: C:\Users\anash\AppData\Loca...}, goog:chromeOptions: {debuggerAddress: localhost:54800}, javascriptEnabled: true, networkConnectionEnabled: false, pageLoadStrategy: normal, platform: WINDOWS, platformName: WINDOWS, proxy: Proxy(), setWindowRect: true, strictFileInteractability: false, timeouts: {implicit: 0, pageLoad: 300000, script: 30000}, unhandledPromptBehavior: dismiss and notify, webauthn:extension:credBlob: true, webauthn:extension:largeBlob: true, webauthn:virtualAuthenticators: true}
Session ID: 420db69d00faeb698b4ca050c9991f82
java.base/jdk.internal.reflect.NativeConstructorAccessorImpl.newInstance0(Native Method)
java.base/jdk.internal.reflect.NativeConstructorAccessorImpl.newInstance(NativeConstructorAccessorImpl.java:78)
java.base/jdk.internal.reflect.DelegatingConstructorAccessorImpl.newInstance(DelegatingConstructorAccessorImpl.java:45)
java.base/java.lang.reflect.Constructor.newInstanceWithCaller(Constructor.java:499)
java.base/java.lang.reflect.Constructor.newInstance(Constructor.java:480)
org.openqa.selenium.remote.http.W3CHttpResponseCodec.createException(W3CHttpResponseCodec.java:187)
org.openqa.selenium.remote.http.W3CHttpResponseCodec.decode(W3CHttpResponseCodec.java:122)
org.openqa.selenium.remote.http.W3CHttpResponseCodec.decode(W3CHttpResponseCodec.java:49)
org.openqa.selenium.remote.HttpCommandExecutor.execute(HttpCommandExecutor.java:158)
org.openqa.selenium.remote.service.DriverCommandExecutor.execute(DriverCommandExecutor.java:83)
org.openqa.selenium.remote.RemoteWebDriver.execute(RemoteWebDriver.java:552)
org.openqa.selenium.remote.RemoteWebDriver.perform(RemoteWebDriver.java:618)
org.openqa.selenium.interactions.Actions$BuiltAction.perform(Actions.java:639)
org.openqa.selenium.interactions.Actions.perform(Actions.java:595)
com.shaft.gui.element.ElementActionsHelper.performHoverUsingJavascript(ElementActionsHelper.java:209)
com.shaft.gui.element.WebDriverElementActions.click(WebDriverElementActions.java:116)
com.shaft.gui.element.ElementActions.click(ElementActions.java:62)
pages.AllSchoolsPage.openSchoolPage(AllSchoolsPage.java:27)
tests.PotentialBookingWithoutLoginTest.parentCanMakePotentailBookingRequestWithoutLogin(PotentialBookingWithoutLoginTest.java:31)
java.base/jdk.internal.reflect.NativeMethodAccessorImpl.invoke0(Native Method)
java.base/jdk.internal.reflect.NativeMethodAccessorImpl.invoke(NativeMethodAccessorImpl.java:78)
java.base/jdk.internal.reflect.DelegatingMethodAccessorImpl.invoke(DelegatingMethodAccessorImpl.java:43)
java.base/java.lang.reflect.Method.invoke(Method.java:567)
org.testng.internal.MethodInvocationHelper.invokeMethod(MethodInvocationHelper.java:133)
org.testng.internal.TestInvoker.invokeMethod(TestInvoker.java:598)
org.testng.internal.TestInvoker.invokeTestMethod(TestInvoker.java:173)
org.testng.internal.MethodRunner.runInSequence(MethodRunner.java:46)
org.testng.internal.TestInvoker$MethodInvocationAgent.invoke(TestInvoker.java:824)
org.testng.internal.TestInvoker.invokeTestMethods(TestInvoker.java:146)
org.testng.internal.TestMethodWorker.invokeTestMethods(TestMethodWorker.java:146)
org.testng.internal.TestMethodWorker.run(TestMethodWorker.java:128)
java.base/java.util.ArrayList.forEach(ArrayList.java:1511)
org.testng.TestRunner.privateRun(TestRunner.java:794)
org.testng.TestRunner.run(TestRunner.java:596)
org.testng.SuiteRunner.runTest(SuiteRunner.java:377)
org.testng.SuiteRunner.runSequentially(SuiteRunner.java:371)
org.testng.SuiteRunner.privateRun(SuiteRunner.java:332)
org.testng.SuiteRunner.run(SuiteRunner.java:276)
org.testng.SuiteRunnerWorker.runSuite(SuiteRunnerWorker.java:53)
org.testng.SuiteRunnerWorker.run(SuiteRunnerWorker.java:96)
org.testng.TestNG.runSuitesSequentially(TestNG.java:1212)
org.testng.TestNG.runSuitesLocally(TestNG.java:1134)
org.testng.TestNG.runSuites(TestNG.java:1063)
org.testng.TestNG.run(TestNG.java:1031)
org.apache.maven.surefire.testng.TestNGExecutor.run(TestNGExecutor.java:284)
org.apache.maven.surefire.testng.TestNGXmlTestSuite.execute(TestNGXmlTestSuite.java:75)
org.apache.maven.surefire.testng.TestNGProvider.invoke(TestNGProvider.java:119)
org.apache.maven.surefire.booter.ForkedBooter.runSuitesInProcess(ForkedBooter.java:428)
org.apache.maven.surefire.booter.ForkedBooter.execute(ForkedBooter.java:162)
org.apache.maven.surefire.booter.ForkedBooter.run(ForkedBooter.java:562)
org.apache.maven.surefire.booter.ForkedBooter.main(ForkedBooter.java:548) @30-08-2021 20:20:43.0427 PM
]]></system-err>
  </testcase>
  <testcase name="takeScreenshotOnFailure[[TestResult name=parentCanMakePotentailBookingRequestWithoutLogin status=FAILURE method=PotentialBookingWithoutLoginTest.parentCanMakePotentailBookingRequestWithoutLogin()[pri:0, instance:tests.PotentialBookingWithoutLoginTest@2a03d65c] output=&#10;################################################################################################################################################&#10;Starting Execution:	[1 out of 1] test cases in the current suite&#10;Test Method:		[tests.PotentialBookingWithoutLoginTest.parentCanMakePotentailBookingRequestWithoutLogin]&#10;################################################################################################################################################]](0)" classname="tests.PotentialBookingWithoutLoginTest" time="23.901">
    <failure message="no such window: target window already closed&#10;from unknown error: web view not found&#10;  (Session info: chrome=92.0.4515.159)&#10;Build info: version: &apos;3.141.59&apos;, revision: &apos;e82be7d358&apos;, time: &apos;2018-11-14T08:17:03&apos;&#10;System info: host: &apos;DESKTOP-Q6V2744&apos;, ip: &apos;192.168.1.4&apos;, os.name: &apos;Windows 10&apos;, os.arch: &apos;amd64&apos;, os.version: &apos;10.0&apos;, java.version: &apos;16.0.2&apos;&#10;Driver info: org.openqa.selenium.chrome.ChromeDriver&#10;Capabilities {acceptInsecureCerts: false, browserName: chrome, browserVersion: 92.0.4515.159, chrome: {chromedriverVersion: 92.0.4515.43 (8c61b7e2989f2..., userDataDir: C:\Users\anash\AppData\Loca...}, goog:chromeOptions: {debuggerAddress: localhost:54800}, javascriptEnabled: true, networkConnectionEnabled: false, pageLoadStrategy: normal, platform: WINDOWS, platformName: WINDOWS, proxy: Proxy(), setWindowRect: true, strictFileInteractability: false, timeouts: {implicit: 0, pageLoad: 300000, script: 30000}, unhandledPromptBehavior: dismiss and notify, webauthn:extension:credBlob: true, webauthn:extension:largeBlob: true, webauthn:virtualAuthenticators: true}&#10;Session ID: 420db69d00faeb698b4ca050c9991f82" type="org.openqa.selenium.NoSuchWindowException"><![CDATA[org.openqa.selenium.NoSuchWindowException: 
no such window: target window already closed
from unknown error: web view not found
  (Session info: chrome=92.0.4515.159)
Build info: version: '3.141.59', revision: 'e82be7d358', time: '2018-11-14T08:17:03'
System info: host: 'DESKTOP-Q6V2744', ip: '192.168.1.4', os.name: 'Windows 10', os.arch: 'amd64', os.version: '10.0', java.version: '16.0.2'
Driver info: org.openqa.selenium.chrome.ChromeDriver
Capabilities {acceptInsecureCerts: false, browserName: chrome, browserVersion: 92.0.4515.159, chrome: {chromedriverVersion: 92.0.4515.43 (8c61b7e2989f2..., userDataDir: C:\Users\anash\AppData\Loca...}, goog:chromeOptions: {debuggerAddress: localhost:54800}, javascriptEnabled: true, networkConnectionEnabled: false, pageLoadStrategy: normal, platform: WINDOWS, platformName: WINDOWS, proxy: Proxy(), setWindowRect: true, strictFileInteractability: false, timeouts: {implicit: 0, pageLoad: 300000, script: 30000}, unhandledPromptBehavior: dismiss and notify, webauthn:extension:credBlob: true, webauthn:extension:largeBlob: true, webauthn:virtualAuthenticators: true}
Session ID: 420db69d00faeb698b4ca050c9991f82
]]></failure>
    <system-out><![CDATA[
################################################################################################################################################
Starting Execution of a Configuration (Setup or Teardown) Method
Test Method:		[tests.PotentialBookingWithoutLoginTest.takeScreenshotOnFailure]
################################################################################################################################################
Failed
Taking Screenshot...
]]></system-out>
  </testcase>
</testsuite>