<?xml version="1.0" encoding="UTF-8"?>
<!-- Generated by org.testng.reporters.JUnitXMLReporter -->
<testsuite ignored="2" hostname="anas-Lenovo-G50-70" failures="0" tests="2" name="Regression Test" time="10.227" errors="0" timestamp="2021-06-23T04:32:36 EET">
  <testcase classname="tests.RegisterationTest" name="userRegisterWithValidInput" time="3.837"/>
  <testcase classname="tests.RegisterationWithInvalidDataTest" name="userRegisterWithExistEmail" time="6.237"/>
  <testcase classname="tests.TestBase" name="@BeforeSuite startDriver" time="0.0">
    <ignored/>
  </testcase> <!-- @BeforeSuite startDriver -->
  <testcase classname="tests.TestBase" name="@AfterSuite stopDriver" time="0.0">
    <ignored/>
  </testcase> <!-- @AfterSuite stopDriver -->
</testsuite> <!-- Regression Test -->
