<?xml version="1.0" encoding="UTF-8"?>
<testng-results ignored="2" total="4" passed="2" failed="0" skipped="0">
  <reporter-output>
  </reporter-output>
  <suite started-at="2021-08-04T22:53:56 EET" name="Online Booking suit" finished-at="2021-08-04T22:54:58 EET" duration-ms="62498">
    <groups>
    </groups>
    <test started-at="2021-08-04T22:53:56 EET" name="Online Booking Test" finished-at="2021-08-04T22:54:58 EET" duration-ms="62498">
      <class name="tests.OnlineBookingTest">
        <test-method signature="parentCanUseOnlineBooking()[pri:0, instance:tests.OnlineBookingTest@4dd6fd0a]" started-at="2021-08-04T22:54:21 EET" name="parentCanUseOnlineBooking" finished-at="2021-08-04T22:54:58 EET" duration-ms="36609" status="PASS">
          <reporter-output>
          </reporter-output>
        </test-method> <!-- parentCanUseOnlineBooking -->
        <test-method is-config="true" signature="takeScreenshotOnFailure(org.testng.ITestResult)[pri:0, instance:tests.OnlineBookingTest@4dd6fd0a]" started-at="2021-08-04T22:54:58 EET" name="takeScreenshotOnFailure" finished-at="2021-08-04T22:54:58 EET" duration-ms="2" status="PASS">
          <params>
            <param index="0">
              <value>
                <![CDATA[[TestResult name=parentCanUseOnlineBooking status=SUCCESS method=OnlineBookingTest.parentCanUseOnlineBooking()[pri:0, instance:tests.OnlineBookingTest@4dd6fd0a] output={null}]]]>
              </value>
            </param>
          </params>
          <reporter-output>
          </reporter-output>
        </test-method> <!-- takeScreenshotOnFailure -->
      </class> <!-- tests.OnlineBookingTest -->
      <class name="tests.LoginTest">
        <test-method is-config="true" signature="startDriver(java.lang.String)[pri:0, instance:tests.LoginTest@651aed93]" started-at="2021-08-04T22:53:50 EET" name="startDriver" finished-at="2021-08-04T22:53:56 EET" duration-ms="5949" status="PASS">
          <params>
            <param index="0">
              <value>
                <![CDATA[chrome]]>
              </value>
            </param>
          </params>
          <reporter-output>
          </reporter-output>
        </test-method> <!-- startDriver -->
        <test-method signature="userCanLoginWithValidData()[pri:0, instance:tests.LoginTest@651aed93]" started-at="2021-08-04T22:53:56 EET" name="userCanLoginWithValidData" finished-at="2021-08-04T22:54:21 EET" duration-ms="25665" status="PASS">
          <reporter-output>
          </reporter-output>
        </test-method> <!-- userCanLoginWithValidData -->
        <test-method is-config="true" signature="takeScreenshotOnFailure(org.testng.ITestResult)[pri:0, instance:tests.LoginTest@651aed93]" started-at="2021-08-04T22:54:21 EET" name="takeScreenshotOnFailure" finished-at="2021-08-04T22:54:21 EET" duration-ms="3" status="PASS">
          <params>
            <param index="0">
              <value>
                <![CDATA[[TestResult name=userCanLoginWithValidData status=SUCCESS method=LoginTest.userCanLoginWithValidData()[pri:0, instance:tests.LoginTest@651aed93] output={null}]]]>
              </value>
            </param>
          </params>
          <reporter-output>
          </reporter-output>
        </test-method> <!-- takeScreenshotOnFailure -->
        <test-method is-config="true" signature="stopDriver()[pri:0, instance:tests.LoginTest@651aed93]" started-at="2021-08-04T22:54:58 EET" name="stopDriver" finished-at="2021-08-04T22:54:59 EET" duration-ms="435" status="PASS">
          <reporter-output>
          </reporter-output>
        </test-method> <!-- stopDriver -->
      </class> <!-- tests.LoginTest -->
    </test> <!-- Online Booking Test -->
  </suite> <!-- Online Booking suit -->
</testng-results>
