<?xml version="1.0" encoding="UTF-8"?>
<!-- Generated by org.testng.reporters.JUnitXMLReporter -->
<testsuite ignored="2" hostname="DESKTOP-Q6V2744" failures="0" tests="2" name="Online Booking Test" time="62.498" errors="0" timestamp="2021-08-04T22:54:58 EET">
  <testcase classname="tests.LoginTest" name="userCanLoginWithValidData" time="25.665"/>
  <testcase classname="tests.OnlineBookingTest" name="parentCanUseOnlineBooking" time="36.609"/>
  <testcase classname="tests.TestBase" name="@BeforeSuite startDriver" time="0.0">
    <ignored/>
  </testcase> <!-- @BeforeSuite startDriver -->
  <testcase classname="tests.TestBase" name="@AfterSuite stopDriver" time="0.0">
    <ignored/>
  </testcase> <!-- @AfterSuite stopDriver -->
</testsuite> <!-- Online Booking Test -->
